2024-12-17 17:10:12,580 INFO Workflow --AADL2CODE-- started
2024-12-17 17:10:12,708 INFO Task <<Generate custom messages>> successfully completed
2024-12-17 17:10:13,770 INFO Task <<Generate swc code skeletons>> successfully completed
2024-12-17 17:10:14,791 INFO Task <<Generate swc launch files>> successfully completed
2024-12-17 17:10:15,821 INFO Task <<Generate main file>> successfully completed
2024-12-17 17:10:16,855 INFO Task <<Generate docker compose files>> successfully completed
2024-12-17 17:10:17,878 INFO Task <<Update robosapiensIO.ini file>> successfully completed
2024-12-17 17:11:49,425 INFO Workflow --AADL2CODE-- started
2024-12-17 17:11:49,463 INFO Task <<Generate custom messages>> successfully completed
2024-12-17 17:11:50,506 INFO Task <<Generate swc code skeletons>> successfully completed
2024-12-17 17:11:51,520 INFO Task <<Generate swc launch files>> successfully completed
2024-12-17 17:11:52,547 INFO Task <<Generate main file>> successfully completed
2024-12-17 17:11:53,582 INFO Task <<Generate docker compose files>> successfully completed
2024-12-17 17:11:54,599 INFO Task <<Update robosapiensIO.ini file>> successfully completed
2024-12-17 17:13:45,295 INFO Workflow --AADL2CODE-- started
2024-12-17 17:13:45,331 INFO Task <<Generate custom messages>> successfully completed
2024-12-17 17:13:46,373 INFO Task <<Generate swc code skeletons>> successfully completed
2024-12-17 17:13:47,390 INFO Task <<Generate swc launch files>> successfully completed
2024-12-17 17:13:48,413 INFO Task <<Generate main file>> successfully completed
2024-12-17 17:13:49,440 INFO Task <<Generate docker compose files>> successfully completed
2024-12-17 17:13:50,456 INFO Task <<Update robosapiensIO.ini file>> successfully completed
2024-12-17 17:24:18,710 INFO Workflow --AADL2CODE-- started
2024-12-17 17:24:18,751 INFO Task <<Generate custom messages>> successfully completed
2024-12-17 17:24:19,798 INFO Task <<Generate swc code skeletons>> successfully completed
2024-12-17 17:24:20,821 INFO Task <<Generate swc launch files>> successfully completed
2024-12-17 17:24:21,848 INFO Task <<Generate main file>> successfully completed
2024-12-17 17:24:22,879 INFO Task <<Generate docker compose files>> successfully completed
2024-12-17 17:24:23,900 INFO Task <<Update robosapiensIO.ini file>> successfully completed
2024-12-17 17:28:11,188 INFO Workflow --AADL2CODE-- started
2024-12-17 17:28:11,221 INFO Task <<Generate custom messages>> successfully completed
2024-12-17 17:28:12,257 INFO Task <<Generate swc code skeletons>> successfully completed
2024-12-17 17:28:13,270 INFO Task <<Generate swc launch files>> successfully completed
2024-12-17 17:28:14,282 INFO Task <<Generate main file>> successfully completed
2024-12-17 17:28:15,311 INFO Task <<Generate docker compose files>> successfully completed
2024-12-17 17:28:16,329 INFO Task <<Update robosapiensIO.ini file>> successfully completed
